Using pre-set license
Built from '2020.3/staging' branch; Version is '2020.3.4f1 (0abb6314276a) revision 703331'; Using compiler version '192528614'; Build Type 'Release'
OS: 'Windows 10 Pro; OS build 19042.1348; Version 2009; 64bit' Language: 'ru' Physical Memory: 16318 MB
BatchMode: 1, IsHumanControllingUs: 0, StartBugReporterOnCrash: 0, Is64bit: 1, IsPro: 0

 COMMAND LINE ARGUMENTS:
E:\2020.3.4f1\Editor\Unity.exe
-adb2
-batchMode
-noUpm
-name
AssetImportWorker0
-projectPath
E:/Project/Localization
-logFile
Logs/AssetImportWorker0.log
-srvPort
62340
Successfully changed project path to: E:/Project/Localization
E:/Project/Localization
Using Asset Import Pipeline V2.
Refreshing native plugins compatible for Editor in 27.65 ms, found 0 plugins.
Preloading 0 native plugins for Editor in 0.00 ms.
Initialize engine version: 2020.3.4f1 (0abb6314276a)
[Subsystems] Discovering subsystems at path E:/2020.3.4f1/Editor/Data/Resources/UnitySubsystems
[Subsystems] Discovering subsystems at path E:/Project/Localization/Assets
GfxDevice: creating device client; threaded=0
Direct3D:
    Version:  Direct3D 11.0 [level 11.1]
    Renderer: NVIDIA GeForce GTX 1660 (ID=0x2184)
    Vendor:   
    VRAM:     5991 MB
    Driver:   30.0.14.9649
Initialize mono
Mono path[0] = 'E:/2020.3.4f1/Editor/Data/Managed'
Mono path[1] = 'E:/2020.3.4f1/Editor/Data/MonoBleedingEdge/lib/mono/unityjit'
Mono config path = 'E:/2020.3.4f1/Editor/Data/MonoBleedingEdge/etc'
Using monoOptions --debugger-agent=transport=dt_socket,embedding=1,server=y,suspend=n,address=127.0.0.1:56544
Begin MonoManager ReloadAssembly
Registering precompiled unity dll's ...
Register platform support module: E:/2020.3.4f1/Editor/Data/PlaybackEngines/WindowsStandaloneSupport/UnityEditor.WindowsStandalone.Extensions.dll
Registered in 0.001221 seconds.
Native extension for WindowsStandalone target not found
Refreshing native plugins compatible for Editor in 26.59 ms, found 0 plugins.
Preloading 0 native plugins for Editor in 0.00 ms.
Mono: successfully reloaded assembly
- Completed reload, in  2.354 seconds
Platform modules already initialized, skipping
Registering precompiled user dll's ...
Registered in 0.000719 seconds.
Begin MonoManager ReloadAssembly
Native extension for WindowsStandalone target not found
Refreshing native plugins compatible for Editor in 0.20 ms, found 0 plugins.
Preloading 0 native plugins for Editor in 0.00 ms.
Mono: successfully reloaded assembly
- Completed reload, in  1.063 seconds
Platform modules already initialized, skipping
========================================================================
Worker process is ready to serve import requests
Launched and connected shader compiler UnityShaderCompiler.exe after 0.06 seconds
Refreshing native plugins compatible for Editor in 0.22 ms, found 0 plugins.
Preloading 0 native plugins for Editor in 0.00 ms.
Unloading 1128 Unused Serialized files (Serialized files now loaded: 0)
System memory in use before: 59.2 MB.
System memory in use after: 59.3 MB.

Unloading 10 unused Assets to reduce memory usage. Loaded Objects now: 1571.
Total: 2.010100 ms (FindLiveObjects: 0.127000 ms CreateObjectMapping: 0.039000 ms MarkObjects: 1.742300 ms  DeleteObjects: 0.100500 ms)

========================================================================
Received Import Request.
  path: Assets
  artifactKey: Guid(00000000000000001000000000000000) Importer(815301076,1909f56bfc062723c751e8b465ee728b)
Start importing Assets using Guid(00000000000000001000000000000000) Importer(815301076,1909f56bfc062723c751e8b465ee728b)  -> (artifact id: '025e4f587c23674256bb898581e82961') in 0.003261 seconds
  Import took 0.005038 seconds .

========================================================================
Received Import Request.
  Time since last request: 7.113949 seconds.
  path: Assets/Scripts
  artifactKey: Guid(166df6988379c954d922567c43f9a859) Importer(815301076,1909f56bfc062723c751e8b465ee728b)
Start importing Assets/Scripts using Guid(166df6988379c954d922567c43f9a859) Importer(815301076,1909f56bfc062723c751e8b465ee728b)  -> (artifact id: 'f61a033a3d4733650042012c94fef1a7') in 0.003393 seconds
  Import took 0.006053 seconds .

========================================================================
Received Import Request.
  Time since last request: 44.056318 seconds.
  path: Assets/Scripts/NotificationWindow.cs
  artifactKey: Guid(c28aa58b46c00524bb5ad992ae34386a) Importer(815301076,1909f56bfc062723c751e8b465ee728b)
Start importing Assets/Scripts/NotificationWindow.cs using Guid(c28aa58b46c00524bb5ad992ae34386a) Importer(815301076,1909f56bfc062723c751e8b465ee728b)  -> (artifact id: 'a2ccfbc988aa5ca35bff4b04851189d7') in 0.068586 seconds
  Import took 0.070735 seconds .

========================================================================
Received Import Request.
  Time since last request: 0.106692 seconds.
  path: Assets/Scripts/NotificationWindow.cs
  artifactKey: Guid(c28aa58b46c00524bb5ad992ae34386a) Importer(815301076,1909f56bfc062723c751e8b465ee728b)
Start importing Assets/Scripts/NotificationWindow.cs using Guid(c28aa58b46c00524bb5ad992ae34386a) Importer(815301076,1909f56bfc062723c751e8b465ee728b)  -> (artifact id: 'a2ccfbc988aa5ca35bff4b04851189d7') in 0.001719 seconds
  Import took 0.004554 seconds .

========================================================================
Received Prepare
Registering precompiled user dll's ...
Registered in 0.000693 seconds.
Begin MonoManager ReloadAssembly
Native extension for WindowsStandalone target not found
Refreshing native plugins compatible for Editor in 0.20 ms, found 0 plugins.
Preloading 0 native plugins for Editor in 0.00 ms.
Mono: successfully reloaded assembly
- Completed reload, in  0.872 seconds
Platform modules already initialized, skipping
Refreshing native plugins compatible for Editor in 0.22 ms, found 0 plugins.
Preloading 0 native plugins for Editor in 0.00 ms.
Unloading 1111 Unused Serialized files (Serialized files now loaded: 0)
System memory in use before: 57.9 MB.
System memory in use after: 58.0 MB.

Unloading 5 unused Assets to reduce memory usage. Loaded Objects now: 1575.
Total: 1.641700 ms (FindLiveObjects: 0.144300 ms CreateObjectMapping: 0.039500 ms MarkObjects: 1.383400 ms  DeleteObjects: 0.073000 ms)

========================================================================
Received Import Request.
  Time since last request: 97.709485 seconds.
  path: Assets/Scripts/NotificationWindow.cs
  artifactKey: Guid(c28aa58b46c00524bb5ad992ae34386a) Importer(815301076,1909f56bfc062723c751e8b465ee728b)
Start importing Assets/Scripts/NotificationWindow.cs using Guid(c28aa58b46c00524bb5ad992ae34386a) Importer(815301076,1909f56bfc062723c751e8b465ee728b)  -> (artifact id: '65666a7dc9f6a5a8efedb027a36a2cc1') in 0.005109 seconds
  Import took 0.008458 seconds .

========================================================================
Received Import Request.
  Time since last request: 0.001477 seconds.
  path: Assets/Scripts/NotificationWindow.cs
  artifactKey: Guid(c28aa58b46c00524bb5ad992ae34386a) Importer(815301076,1909f56bfc062723c751e8b465ee728b)
Start importing Assets/Scripts/NotificationWindow.cs using Guid(c28aa58b46c00524bb5ad992ae34386a) Importer(815301076,1909f56bfc062723c751e8b465ee728b)  -> (artifact id: '65666a7dc9f6a5a8efedb027a36a2cc1') in 0.002007 seconds
  Import took 0.004955 seconds .

========================================================================
Received Prepare
Registering precompiled user dll's ...
Registered in 0.000546 seconds.
Begin MonoManager ReloadAssembly
Native extension for WindowsStandalone target not found
Refreshing native plugins compatible for Editor in 0.37 ms, found 0 plugins.
Preloading 0 native plugins for Editor in 0.00 ms.
Mono: successfully reloaded assembly
- Completed reload, in  0.896 seconds
Platform modules already initialized, skipping
Refreshing native plugins compatible for Editor in 0.43 ms, found 0 plugins.
Preloading 0 native plugins for Editor in 0.00 ms.
Unloading 1155 Unused Serialized files (Serialized files now loaded: 0)
System memory in use before: 59.1 MB.
System memory in use after: 59.2 MB.

Unloading 18 unused Assets to reduce memory usage. Loaded Objects now: 1609.
Total: 1.766900 ms (FindLiveObjects: 0.180800 ms CreateObjectMapping: 0.040200 ms MarkObjects: 1.473200 ms  DeleteObjects: 0.071600 ms)

========================================================================
Received Prepare
Registering precompiled user dll's ...
Registered in 0.000604 seconds.
Begin MonoManager ReloadAssembly
Native extension for WindowsStandalone target not found
Refreshing native plugins compatible for Editor in 0.32 ms, found 0 plugins.
Preloading 0 native plugins for Editor in 0.00 ms.
Mono: successfully reloaded assembly
- Completed reload, in  0.856 seconds
Platform modules already initialized, skipping
Refreshing native plugins compatible for Editor in 0.37 ms, found 0 plugins.
Preloading 0 native plugins for Editor in 0.00 ms.
Unloading 1155 Unused Serialized files (Serialized files now loaded: 0)
System memory in use before: 59.2 MB.
System memory in use after: 59.2 MB.

Unloading 18 unused Assets to reduce memory usage. Loaded Objects now: 1612.
Total: 1.752900 ms (FindLiveObjects: 0.146900 ms CreateObjectMapping: 0.039900 ms MarkObjects: 1.475900 ms  DeleteObjects: 0.089000 ms)

========================================================================
Received Import Request.
  Time since last request: 3576.350454 seconds.
  path: Assets/Scripts/NotificationWindow.cs
  artifactKey: Guid(c28aa58b46c00524bb5ad992ae34386a) Importer(815301076,1909f56bfc062723c751e8b465ee728b)
Start importing Assets/Scripts/NotificationWindow.cs using Guid(c28aa58b46c00524bb5ad992ae34386a) Importer(815301076,1909f56bfc062723c751e8b465ee728b)  -> (artifact id: '54a70665d493d1c6888cfeee9b482959') in 0.003365 seconds
  Import took 0.005356 seconds .

========================================================================
Received Prepare
Registering precompiled user dll's ...
Registered in 0.000654 seconds.
Begin MonoManager ReloadAssembly
Native extension for WindowsStandalone target not found
Refreshing native plugins compatible for Editor in 0.36 ms, found 0 plugins.
Preloading 0 native plugins for Editor in 0.00 ms.
Mono: successfully reloaded assembly
- Completed reload, in  1.172 seconds
Platform modules already initialized, skipping
Refreshing native plugins compatible for Editor in 0.36 ms, found 0 plugins.
Preloading 0 native plugins for Editor in 0.00 ms.
Unloading 1155 Unused Serialized files (Serialized files now loaded: 0)
System memory in use before: 59.2 MB.
System memory in use after: 59.2 MB.

Unloading 18 unused Assets to reduce memory usage. Loaded Objects now: 1615.
Total: 1.866100 ms (FindLiveObjects: 0.183300 ms CreateObjectMapping: 0.070000 ms MarkObjects: 1.517500 ms  DeleteObjects: 0.094400 ms)

========================================================================
Received Prepare
Registering precompiled user dll's ...
Registered in 0.002960 seconds.
Begin MonoManager ReloadAssembly
Native extension for WindowsStandalone target not found
Refreshing native plugins compatible for Editor in 0.53 ms, found 0 plugins.
Preloading 0 native plugins for Editor in 0.00 ms.
Mono: successfully reloaded assembly
- Completed reload, in  1.433 seconds
Platform modules already initialized, skipping
Refreshing native plugins compatible for Editor in 0.49 ms, found 0 plugins.
Preloading 0 native plugins for Editor in 0.00 ms.
Unloading 2039 Unused Serialized files (Serialized files now loaded: 0)
System memory in use before: 85.7 MB.
System memory in use after: 85.8 MB.

Unloading 22 unused Assets to reduce memory usage. Loaded Objects now: 2498.
Total: 4.082600 ms (FindLiveObjects: 0.200200 ms CreateObjectMapping: 0.092100 ms MarkObjects: 3.665900 ms  DeleteObjects: 0.123100 ms)

========================================================================
Received Import Request.
  Time since last request: 5562.236064 seconds.
  path: Assets/Tables.cs
  artifactKey: Guid(ec598288acda90341a0c2fdfee2f8f55) Importer(815301076,1909f56bfc062723c751e8b465ee728b)
Start importing Assets/Tables.cs using Guid(ec598288acda90341a0c2fdfee2f8f55) Importer(815301076,1909f56bfc062723c751e8b465ee728b)  -> (artifact id: '9bb0fb848b40a675adaea79003d91a9e') in 0.007885 seconds
  Import took 0.012261 seconds .

========================================================================
Received Prepare
Registering precompiled user dll's ...
Registered in 0.002303 seconds.
Begin MonoManager ReloadAssembly
Native extension for WindowsStandalone target not found
Refreshing native plugins compatible for Editor in 0.46 ms, found 0 plugins.
Preloading 0 native plugins for Editor in 0.00 ms.
Mono: successfully reloaded assembly
- Completed reload, in  0.996 seconds
Platform modules already initialized, skipping
Refreshing native plugins compatible for Editor in 0.50 ms, found 0 plugins.
Preloading 0 native plugins for Editor in 0.00 ms.
Unloading 2040 Unused Serialized files (Serialized files now loaded: 0)
System memory in use before: 85.8 MB.
System memory in use after: 85.9 MB.

Unloading 22 unused Assets to reduce memory usage. Loaded Objects now: 2502.
Total: 2.317100 ms (FindLiveObjects: 0.233800 ms CreateObjectMapping: 0.089400 ms MarkObjects: 1.894300 ms  DeleteObjects: 0.098700 ms)

========================================================================
Received Prepare
Registering precompiled user dll's ...
Registered in 0.002304 seconds.
Begin MonoManager ReloadAssembly
Native extension for WindowsStandalone target not found
Refreshing native plugins compatible for Editor in 0.46 ms, found 0 plugins.
Preloading 0 native plugins for Editor in 0.00 ms.
Mono: successfully reloaded assembly
- Completed reload, in  0.993 seconds
Platform modules already initialized, skipping
Refreshing native plugins compatible for Editor in 0.58 ms, found 0 plugins.
Preloading 0 native plugins for Editor in 0.00 ms.
Unloading 2039 Unused Serialized files (Serialized files now loaded: 0)
System memory in use before: 85.8 MB.
System memory in use after: 85.9 MB.

Unloading 23 unused Assets to reduce memory usage. Loaded Objects now: 2504.
Total: 2.250700 ms (FindLiveObjects: 0.230800 ms CreateObjectMapping: 0.101100 ms MarkObjects: 1.800800 ms  DeleteObjects: 0.117000 ms)

========================================================================
Received Import Request.
  Time since last request: 22.409262 seconds.
  path: Assets/Tables
  artifactKey: Guid(a5bfe6144d5a1df4f8535cc977746cd5) Importer(815301076,1909f56bfc062723c751e8b465ee728b)
Start importing Assets/Tables using Guid(a5bfe6144d5a1df4f8535cc977746cd5) Importer(815301076,1909f56bfc062723c751e8b465ee728b)  -> (artifact id: '7265a68898f344a81dfd4efb86e8d52c') in 0.005169 seconds
  Import took 0.008409 seconds .

========================================================================
Received Import Request.
  Time since last request: 0.080674 seconds.
  path: Assets/Tables
  artifactKey: Guid(a5bfe6144d5a1df4f8535cc977746cd5) Importer(815301076,1909f56bfc062723c751e8b465ee728b)
Start importing Assets/Tables using Guid(a5bfe6144d5a1df4f8535cc977746cd5) Importer(815301076,1909f56bfc062723c751e8b465ee728b)  -> (artifact id: '7265a68898f344a81dfd4efb86e8d52c') in 0.001765 seconds
  Import took 0.006004 seconds .

========================================================================
Received Import Request.
  Time since last request: 36.124698 seconds.
  path: Assets/Locales
  artifactKey: Guid(3029441d3b96c8c45aa4dbdb21e273f3) Importer(815301076,1909f56bfc062723c751e8b465ee728b)
Start importing Assets/Locales using Guid(3029441d3b96c8c45aa4dbdb21e273f3) Importer(815301076,1909f56bfc062723c751e8b465ee728b)  -> (artifact id: '48d870d234db0b97061e40ec7e99d7a6') in 0.001864 seconds
  Import took 0.005994 seconds .

========================================================================
Received Import Request.
  Time since last request: 62.472978 seconds.
  path: Assets/LocalesSettings
  artifactKey: Guid(c5b3cfeafc2e6bd4fbab7a6dd38ee7c3) Importer(815301076,1909f56bfc062723c751e8b465ee728b)
Start importing Assets/LocalesSettings using Guid(c5b3cfeafc2e6bd4fbab7a6dd38ee7c3) Importer(815301076,1909f56bfc062723c751e8b465ee728b)  -> (artifact id: '762a2f5a03fd051e065518d2cc761374') in 0.002076 seconds
  Import took 0.006272 seconds .

========================================================================
Received Import Request.
  Time since last request: 60.486334 seconds.
  path: Assets/LocalesSettings/Localization Settings.asset
  artifactKey: Guid(7eb90355b123a6048b6da2b44231619e) Importer(815301076,1909f56bfc062723c751e8b465ee728b)
Start importing Assets/LocalesSettings/Localization Settings.asset using Guid(7eb90355b123a6048b6da2b44231619e) Importer(815301076,1909f56bfc062723c751e8b465ee728b)  -> (artifact id: '188dc5a0205b6ee72da74076acce3678') in 0.029930 seconds
  Import took 0.033824 seconds .

========================================================================
Received Import Request.
  Time since last request: 105.941651 seconds.
  path: Assets/Locales/English (United Kingdom) (en-GB).asset
  artifactKey: Guid(be6fd8a45abe129489d61acdcee1f8f9) Importer(815301076,1909f56bfc062723c751e8b465ee728b)
Start importing Assets/Locales/English (United Kingdom) (en-GB).asset using Guid(be6fd8a45abe129489d61acdcee1f8f9) Importer(815301076,1909f56bfc062723c751e8b465ee728b)  -> (artifact id: 'd01cc9715432860f3993aae93a207f59') in 0.003200 seconds
  Import took 0.007015 seconds .

========================================================================
Received Import Request.
  Time since last request: 0.000392 seconds.
  path: Assets/Locales/Russian (Russia) (ru-RU).asset
  artifactKey: Guid(7642593c2b2892d4e8b245c97525162d) Importer(815301076,1909f56bfc062723c751e8b465ee728b)
Start importing Assets/Locales/Russian (Russia) (ru-RU).asset using Guid(7642593c2b2892d4e8b245c97525162d) Importer(815301076,1909f56bfc062723c751e8b465ee728b)  -> (artifact id: 'dc07471f05ca54f6938f6347a4a3b5af') in 0.002149 seconds
  Import took 0.005635 seconds .

========================================================================
Received Import Request.
  Time since last request: 99.410679 seconds.
  path: Assets/Tables/PraseText Shared Data.asset
  artifactKey: Guid(65d1d1109fe8c754b868a3522f990891) Importer(815301076,1909f56bfc062723c751e8b465ee728b)
Start importing Assets/Tables/PraseText Shared Data.asset using Guid(65d1d1109fe8c754b868a3522f990891) Importer(815301076,1909f56bfc062723c751e8b465ee728b)  -> (artifact id: '93e638305b6b0935fda063e9e236f450') in 0.008970 seconds
  Import took 0.013472 seconds .

========================================================================
Received Import Request.
  Time since last request: 0.000362 seconds.
  path: Assets/Tables/PraseText_ru-RU.asset
  artifactKey: Guid(ce598e4f30d708147a122811e0401920) Importer(815301076,1909f56bfc062723c751e8b465ee728b)
Start importing Assets/Tables/PraseText_ru-RU.asset using Guid(ce598e4f30d708147a122811e0401920) Importer(815301076,1909f56bfc062723c751e8b465ee728b)  -> (artifact id: '962d110e78b15840a4537eb89093eaa2') in 0.006169 seconds
  Import took 0.009291 seconds .

========================================================================
Received Import Request.
  Time since last request: 0.000289 seconds.
  path: Assets/Tables/PraseText.asset
  artifactKey: Guid(3e3825cce319fac46910fdae9287ec90) Importer(815301076,1909f56bfc062723c751e8b465ee728b)
Start importing Assets/Tables/PraseText.asset using Guid(3e3825cce319fac46910fdae9287ec90) Importer(815301076,1909f56bfc062723c751e8b465ee728b)  -> (artifact id: 'a4c8dc673ad78b41b66b3f7d88461da1') in 0.003192 seconds
  Import took 0.006324 seconds .

========================================================================
Received Import Request.
  Time since last request: 0.000319 seconds.
  path: Assets/Tables/PraseText_en-GB.asset
  artifactKey: Guid(2dbf61fd2c4f81246a12335b0f1249ab) Importer(815301076,1909f56bfc062723c751e8b465ee728b)
Start importing Assets/Tables/PraseText_en-GB.asset using Guid(2dbf61fd2c4f81246a12335b0f1249ab) Importer(815301076,1909f56bfc062723c751e8b465ee728b)  -> (artifact id: 'd6fdaef504f86574b23685103d7d5982') in 0.007307 seconds
  Import took 0.010645 seconds .

========================================================================
Received Import Request.
  Time since last request: 0.000293 seconds.
  path: Assets/Tables/PraseText.asset
  artifactKey: Guid(3e3825cce319fac46910fdae9287ec90) Importer(815301076,1909f56bfc062723c751e8b465ee728b)
Start importing Assets/Tables/PraseText.asset using Guid(3e3825cce319fac46910fdae9287ec90) Importer(815301076,1909f56bfc062723c751e8b465ee728b)  -> (artifact id: 'a4c8dc673ad78b41b66b3f7d88461da1') in 0.002643 seconds
  Import took 0.006617 seconds .

========================================================================
Received Import Request.
  Time since last request: 580.386505 seconds.
  path: Assets/Tables/PraseText Shared Data.asset
  artifactKey: Guid(65d1d1109fe8c754b868a3522f990891) Importer(815301076,1909f56bfc062723c751e8b465ee728b)
Start importing Assets/Tables/PraseText Shared Data.asset using Guid(65d1d1109fe8c754b868a3522f990891) Importer(815301076,1909f56bfc062723c751e8b465ee728b)  -> (artifact id: '5f5fa7c245c86879c586ac8c435179c1') in 0.004492 seconds
  Import took 0.011864 seconds .

========================================================================
Received Import Request.
  Time since last request: 0.000202 seconds.
  path: Assets/Tables/PraseText_ru-RU.asset
  artifactKey: Guid(ce598e4f30d708147a122811e0401920) Importer(815301076,1909f56bfc062723c751e8b465ee728b)
Start importing Assets/Tables/PraseText_ru-RU.asset using Guid(ce598e4f30d708147a122811e0401920) Importer(815301076,1909f56bfc062723c751e8b465ee728b)  -> (artifact id: '9bb421bb8b2c09a8e154c45306ca59aa') in 0.005239 seconds
  Import took 0.011349 seconds .

========================================================================
Received Import Request.
  Time since last request: 0.000288 seconds.
  path: Assets/Tables/PraseText_en-GB.asset
  artifactKey: Guid(2dbf61fd2c4f81246a12335b0f1249ab) Importer(815301076,1909f56bfc062723c751e8b465ee728b)
Start importing Assets/Tables/PraseText_en-GB.asset using Guid(2dbf61fd2c4f81246a12335b0f1249ab) Importer(815301076,1909f56bfc062723c751e8b465ee728b)  -> (artifact id: '079f3d5cfe2ed66deed7051164ed67a5') in 0.002292 seconds
  Import took 0.006763 seconds .

========================================================================
Received Prepare
Registering precompiled user dll's ...
Registered in 0.002782 seconds.
Begin MonoManager ReloadAssembly
Native extension for WindowsStandalone target not found
Refreshing native plugins compatible for Editor in 0.46 ms, found 0 plugins.
Preloading 0 native plugins for Editor in 0.00 ms.
Mono: successfully reloaded assembly
- Completed reload, in  1.021 seconds
Platform modules already initialized, skipping
Refreshing native plugins compatible for Editor in 0.59 ms, found 0 plugins.
Preloading 0 native plugins for Editor in 0.00 ms.
Unloading 2068 Unused Serialized files (Serialized files now loaded: 0)
System memory in use before: 87.0 MB.
System memory in use after: 87.1 MB.

Unloading 27 unused Assets to reduce memory usage. Loaded Objects now: 2533.
Total: 2.381400 ms (FindLiveObjects: 0.200600 ms CreateObjectMapping: 0.090700 ms MarkObjects: 2.013000 ms  DeleteObjects: 0.075700 ms)

========================================================================
Received Prepare
Registering precompiled user dll's ...
Registered in 0.002393 seconds.
Begin MonoManager ReloadAssembly
Native extension for WindowsStandalone target not found
Refreshing native plugins compatible for Editor in 0.49 ms, found 0 plugins.
Preloading 0 native plugins for Editor in 0.00 ms.
Mono: successfully reloaded assembly
- Completed reload, in  1.195 seconds
Platform modules already initialized, skipping
Refreshing native plugins compatible for Editor in 0.51 ms, found 0 plugins.
Preloading 0 native plugins for Editor in 0.00 ms.
Unloading 2040 Unused Serialized files (Serialized files now loaded: 0)
System memory in use before: 86.4 MB.
System memory in use after: 86.5 MB.

Unloading 22 unused Assets to reduce memory usage. Loaded Objects now: 2537.
Total: 3.196200 ms (FindLiveObjects: 0.305200 ms CreateObjectMapping: 0.095700 ms MarkObjects: 2.695400 ms  DeleteObjects: 0.098500 ms)

========================================================================
Received Import Request.
  Time since last request: 225.782785 seconds.
  path: Assets/Scripts/LocalizationWindow.cs
  artifactKey: Guid(03196fedae3d3ac45b9eaed8ab7bb10c) Importer(815301076,1909f56bfc062723c751e8b465ee728b)
Start importing Assets/Scripts/LocalizationWindow.cs using Guid(03196fedae3d3ac45b9eaed8ab7bb10c) Importer(815301076,1909f56bfc062723c751e8b465ee728b)  -> (artifact id: '61654287af0622dbeef384553b1a9f84') in 0.004222 seconds
  Import took 0.007716 seconds .

========================================================================
Received Prepare
Registering precompiled user dll's ...
Registered in 0.002435 seconds.
Begin MonoManager ReloadAssembly
Native extension for WindowsStandalone target not found
Refreshing native plugins compatible for Editor in 0.46 ms, found 0 plugins.
Preloading 0 native plugins for Editor in 0.00 ms.
Mono: successfully reloaded assembly
- Completed reload, in  1.060 seconds
Platform modules already initialized, skipping
Refreshing native plugins compatible for Editor in 0.48 ms, found 0 plugins.
Preloading 0 native plugins for Editor in 0.00 ms.
Unloading 2040 Unused Serialized files (Serialized files now loaded: 0)
System memory in use before: 86.4 MB.
System memory in use after: 86.5 MB.

Unloading 22 unused Assets to reduce memory usage. Loaded Objects now: 2540.
Total: 2.363300 ms (FindLiveObjects: 0.240500 ms CreateObjectMapping: 0.112000 ms MarkObjects: 1.909500 ms  DeleteObjects: 0.100400 ms)

========================================================================
Received Import Request.
  Time since last request: 638.728859 seconds.
  path: Assets/Scripts/LocalizationWindow.cs
  artifactKey: Guid(03196fedae3d3ac45b9eaed8ab7bb10c) Importer(815301076,1909f56bfc062723c751e8b465ee728b)
Start importing Assets/Scripts/LocalizationWindow.cs using Guid(03196fedae3d3ac45b9eaed8ab7bb10c) Importer(815301076,1909f56bfc062723c751e8b465ee728b)  -> (artifact id: '26c312a8cda1c98a3c5012650921072e') in 0.004198 seconds
  Import took 0.007596 seconds .

========================================================================
Received Prepare
Registering precompiled user dll's ...
Registered in 0.002203 seconds.
Begin MonoManager ReloadAssembly
Native extension for WindowsStandalone target not found
Refreshing native plugins compatible for Editor in 0.47 ms, found 0 plugins.
Preloading 0 native plugins for Editor in 0.00 ms.
Mono: successfully reloaded assembly
- Completed reload, in  1.066 seconds
Platform modules already initialized, skipping
Refreshing native plugins compatible for Editor in 0.78 ms, found 0 plugins.
Preloading 0 native plugins for Editor in 0.00 ms.
Unloading 2040 Unused Serialized files (Serialized files now loaded: 0)
System memory in use before: 86.4 MB.
System memory in use after: 86.5 MB.

Unloading 22 unused Assets to reduce memory usage. Loaded Objects now: 2543.
Total: 2.279800 ms (FindLiveObjects: 0.201600 ms CreateObjectMapping: 0.082500 ms MarkObjects: 1.899000 ms  DeleteObjects: 0.095700 ms)

========================================================================
Received Prepare
Registering precompiled user dll's ...
Registered in 0.003809 seconds.
Begin MonoManager ReloadAssembly
Native extension for WindowsStandalone target not found
Refreshing native plugins compatible for Editor in 0.60 ms, found 0 plugins.
Preloading 0 native plugins for Editor in 0.00 ms.
Mono: successfully reloaded assembly
- Completed reload, in  1.225 seconds
Platform modules already initialized, skipping
Refreshing native plugins compatible for Editor in 0.49 ms, found 0 plugins.
Preloading 0 native plugins for Editor in 0.00 ms.
Unloading 2040 Unused Serialized files (Serialized files now loaded: 0)
System memory in use before: 86.4 MB.
System memory in use after: 86.5 MB.

Unloading 22 unused Assets to reduce memory usage. Loaded Objects now: 2546.
Total: 2.501500 ms (FindLiveObjects: 0.182200 ms CreateObjectMapping: 0.077900 ms MarkObjects: 2.145900 ms  DeleteObjects: 0.094600 ms)

========================================================================
Received Prepare
Registering precompiled user dll's ...
Registered in 0.002505 seconds.
Begin MonoManager ReloadAssembly
Native extension for WindowsStandalone target not found
Refreshing native plugins compatible for Editor in 0.47 ms, found 0 plugins.
Preloading 0 native plugins for Editor in 0.00 ms.
Mono: successfully reloaded assembly
- Completed reload, in  1.190 seconds
Platform modules already initialized, skipping
Refreshing native plugins compatible for Editor in 0.48 ms, found 0 plugins.
Preloading 0 native plugins for Editor in 0.00 ms.
Unloading 2040 Unused Serialized files (Serialized files now loaded: 0)
System memory in use before: 86.4 MB.
System memory in use after: 86.5 MB.

Unloading 22 unused Assets to reduce memory usage. Loaded Objects now: 2549.
Total: 2.373700 ms (FindLiveObjects: 0.392400 ms CreateObjectMapping: 0.148100 ms MarkObjects: 1.745700 ms  DeleteObjects: 0.086800 ms)

AssetImportWorkerClient::OnTransportError - code=2 error=End of file
